<?xml version="1.0" encoding="UTF-8"?>
<!-- Generated by org.testng.reporters.JUnitReportReporter -->
<testsuite skipped="0" hostname="THSCP10100" name="com.test.automation.nbf.login.TC002_approvebillpayments" tests="1" failures="0" timestamp="04 Sep 2018 13:00:12 GMT" time="84.739" errors="0">
  <testcase name="approvebill" time="84.739" classname="com.test.automation.nbf.login.TC002_approvebillpayments"/>
</testsuite> <!-- com.test.automation.nbf.login.TC002_approvebillpayments -->
