<?xml version="1.0" encoding="UTF-8"?>
<!-- Generated by org.testng.reporters.JUnitReportReporter -->
<testsuite skipped="0" hostname="THSCP10100" name="com.test.automation.nbf.login.TC001_valid_login" tests="1" failures="0" timestamp="04 Sep 2018 13:00:12 GMT" time="127.230" errors="0">
  <testcase name="verifylogin" time="127.230" classname="com.test.automation.nbf.login.TC001_valid_login"/>
</testsuite> <!-- com.test.automation.nbf.login.TC001_valid_login -->
